0 info it worked if it ends with ok
1 verbose cli [ '/usr/bin/node',
1 verbose cli   '/usr/bin/npm',
1 verbose cli   'install',
1 verbose cli   '--save',
1 verbose cli   '--save-exact',
1 verbose cli   'socket.io',
1 verbose cli   'express' ]
2 info using npm@3.5.2
3 info using node@v8.10.0
4 silly loadCurrentTree Starting
5 silly install loadCurrentTree
6 silly install readLocalPackageData
7 silly fetchPackageMetaData socket.io
8 silly fetchPackageMetaData express
9 silly fetchNamedPackageData socket.io
10 silly mapToRegistry name socket.io
11 silly mapToRegistry using default registry
12 silly mapToRegistry registry https://registry.npmjs.org/
13 silly mapToRegistry uri https://registry.npmjs.org/socket.io
14 silly fetchNamedPackageData express
15 silly mapToRegistry name express
16 silly mapToRegistry using default registry
17 silly mapToRegistry registry https://registry.npmjs.org/
18 silly mapToRegistry uri https://registry.npmjs.org/express
19 verbose request uri https://registry.npmjs.org/socket.io
20 verbose request no auth needed
21 info attempt registry request try #1 at 6:34:56 AM
22 verbose request id 7d6d24a59f3634ba
23 http request GET https://registry.npmjs.org/socket.io
24 verbose request uri https://registry.npmjs.org/express
25 verbose request no auth needed
26 info attempt registry request try #1 at 6:34:56 AM
27 verbose etag W/"b02a21fdbe09707e9f7c8992466ba40a"
28 verbose lastModified Fri, 06 Nov 2020 02:46:32 GMT
29 http request GET https://registry.npmjs.org/express
30 http 200 https://registry.npmjs.org/socket.io
31 verbose headers { date: 'Fri, 15 Jan 2021 06:34:57 GMT',
31 verbose headers   'content-type': 'application/json',
31 verbose headers   'transfer-encoding': 'chunked',
31 verbose headers   connection: 'keep-alive',
31 verbose headers   'set-cookie':
31 verbose headers    [ '__cfduid=dd3ebbedf1d3e1ce2a0ba0d9a448e520a1610692497; expires=Sun, 14-Feb-21 06:34:57 GMT; path=/; domain=.npmjs.org; HttpOnly; SameSite=Lax' ],
31 verbose headers   'cf-ray': '611d92ea7ddda201-ICN',
31 verbose headers   age: '2325',
31 verbose headers   'cache-control': 'public, max-age=300',
31 verbose headers   etag: 'W/"f1d65dfddca27ca4eee26a9d647225a0"',
31 verbose headers   'last-modified': 'Fri, 15 Jan 2021 01:22:57 GMT',
31 verbose headers   vary: 'accept-encoding, accept',
31 verbose headers   'cf-cache-status': 'HIT',
31 verbose headers   'cf-request-id': '07a65a26880000a20101981000000001',
31 verbose headers   'expect-ct': 'max-age=604800, report-uri="https://report-uri.cloudflare.com/cdn-cgi/beacon/expect-ct"',
31 verbose headers   server: 'cloudflare',
31 verbose headers   'content-encoding': 'gzip' }
32 silly get cb [ 200,
32 silly get   { date: 'Fri, 15 Jan 2021 06:34:57 GMT',
32 silly get     'content-type': 'application/json',
32 silly get     'transfer-encoding': 'chunked',
32 silly get     connection: 'keep-alive',
32 silly get     'set-cookie':
32 silly get      [ '__cfduid=dd3ebbedf1d3e1ce2a0ba0d9a448e520a1610692497; expires=Sun, 14-Feb-21 06:34:57 GMT; path=/; domain=.npmjs.org; HttpOnly; SameSite=Lax' ],
32 silly get     'cf-ray': '611d92ea7ddda201-ICN',
32 silly get     age: '2325',
32 silly get     'cache-control': 'public, max-age=300',
32 silly get     etag: 'W/"f1d65dfddca27ca4eee26a9d647225a0"',
32 silly get     'last-modified': 'Fri, 15 Jan 2021 01:22:57 GMT',
32 silly get     vary: 'accept-encoding, accept',
32 silly get     'cf-cache-status': 'HIT',
32 silly get     'cf-request-id': '07a65a26880000a20101981000000001',
32 silly get     'expect-ct': 'max-age=604800, report-uri="https://report-uri.cloudflare.com/cdn-cgi/beacon/expect-ct"',
32 silly get     server: 'cloudflare',
32 silly get     'content-encoding': 'gzip' } ]
33 verbose get saving socket.io to /home/ubuntu/.npm/registry.npmjs.org/socket.io/.cache.json
34 http 304 https://registry.npmjs.org/express
35 verbose headers { date: 'Fri, 15 Jan 2021 06:34:57 GMT',
35 verbose headers   connection: 'keep-alive',
35 verbose headers   'set-cookie':
35 verbose headers    [ '__cfduid=dbe562af23293f80cb358eda91585069a1610692497; expires=Sun, 14-Feb-21 06:34:57 GMT; path=/; domain=.npmjs.org; HttpOnly; SameSite=Lax' ],
35 verbose headers   'cf-ray': '611d92eaacf5a1c5-ICN',
35 verbose headers   age: '3571',
35 verbose headers   'cache-control': 'public, max-age=300',
35 verbose headers   etag: '"b02a21fdbe09707e9f7c8992466ba40a"',
35 verbose headers   'last-modified': 'Fri, 06 Nov 2020 02:46:32 GMT',
35 verbose headers   vary: 'Accept-Encoding',
35 verbose headers   'cf-cache-status': 'HIT',
35 verbose headers   'cf-request-id': '07a65a26ae0000a1c556bef000000001',
35 verbose headers   'expect-ct': 'max-age=604800, report-uri="https://report-uri.cloudflare.com/cdn-cgi/beacon/expect-ct"',
35 verbose headers   server: 'cloudflare' }
36 silly get cb [ 304,
36 silly get   { date: 'Fri, 15 Jan 2021 06:34:57 GMT',
36 silly get     connection: 'keep-alive',
36 silly get     'set-cookie':
36 silly get      [ '__cfduid=dbe562af23293f80cb358eda91585069a1610692497; expires=Sun, 14-Feb-21 06:34:57 GMT; path=/; domain=.npmjs.org; HttpOnly; SameSite=Lax' ],
36 silly get     'cf-ray': '611d92eaacf5a1c5-ICN',
36 silly get     age: '3571',
36 silly get     'cache-control': 'public, max-age=300',
36 silly get     etag: '"b02a21fdbe09707e9f7c8992466ba40a"',
36 silly get     'last-modified': 'Fri, 06 Nov 2020 02:46:32 GMT',
36 silly get     vary: 'Accept-Encoding',
36 silly get     'cf-cache-status': 'HIT',
36 silly get     'cf-request-id': '07a65a26ae0000a1c556bef000000001',
36 silly get     'expect-ct': 'max-age=604800, report-uri="https://report-uri.cloudflare.com/cdn-cgi/beacon/expect-ct"',
36 silly get     server: 'cloudflare' } ]
37 verbose etag https://registry.npmjs.org/express from cache
38 verbose get saving express to /home/ubuntu/.npm/registry.npmjs.org/express/.cache.json
39 silly install normalizeTree
40 silly loadCurrentTree Finishing
41 silly loadIdealTree Starting
42 silly install loadIdealTree
43 silly cloneCurrentTree Starting
44 silly install cloneCurrentTreeToIdealTree
45 silly cloneCurrentTree Finishing
46 silly loadShrinkwrap Starting
47 silly install loadShrinkwrap
48 silly loadShrinkwrap Finishing
49 silly loadAllDepsIntoIdealTree Starting
50 silly install loadAllDepsIntoIdealTree
51 silly resolveWithNewModule express@4.17.1 checking installable status
52 silly cache add args [ 'express', null ]
53 verbose cache add spec express
54 verbose stack Error: Missing required argument #1
54 verbose stack     at andLogAndFinish (/usr/share/npm/lib/fetch-package-metadata.js:31:3)
54 verbose stack     at fetchPackageMetadata (/usr/share/npm/lib/fetch-package-metadata.js:51:22)
54 verbose stack     at resolveWithNewModule (/usr/share/npm/lib/install/deps.js:456:12)
54 verbose stack     at /usr/share/npm/lib/install/deps.js:190:5
54 verbose stack     at /usr/share/npm/node_modules/slide/lib/async-map.js:52:35
54 verbose stack     at Array.forEach (<anonymous>)
54 verbose stack     at /usr/share/npm/node_modules/slide/lib/async-map.js:52:11
54 verbose stack     at Array.forEach (<anonymous>)
54 verbose stack     at asyncMap (/usr/share/npm/node_modules/slide/lib/async-map.js:51:8)
54 verbose stack     at exports.loadRequestedDeps (/usr/share/npm/lib/install/deps.js:188:3)
55 verbose cwd /home/ubuntu/cs496-project3/nodejs
56 error Linux 4.15.0-122-generic
57 error argv "/usr/bin/node" "/usr/bin/npm" "install" "--save" "--save-exact" "socket.io" "express"
58 error node v8.10.0
59 error npm  v3.5.2
60 error code EMISSINGARG
61 error typeerror Error: Missing required argument #1
61 error typeerror     at andLogAndFinish (/usr/share/npm/lib/fetch-package-metadata.js:31:3)
61 error typeerror     at fetchPackageMetadata (/usr/share/npm/lib/fetch-package-metadata.js:51:22)
61 error typeerror     at resolveWithNewModule (/usr/share/npm/lib/install/deps.js:456:12)
61 error typeerror     at /usr/share/npm/lib/install/deps.js:190:5
61 error typeerror     at /usr/share/npm/node_modules/slide/lib/async-map.js:52:35
61 error typeerror     at Array.forEach (<anonymous>)
61 error typeerror     at /usr/share/npm/node_modules/slide/lib/async-map.js:52:11
61 error typeerror     at Array.forEach (<anonymous>)
61 error typeerror     at asyncMap (/usr/share/npm/node_modules/slide/lib/async-map.js:51:8)
61 error typeerror     at exports.loadRequestedDeps (/usr/share/npm/lib/install/deps.js:188:3)
62 error typeerror This is an error with npm itself. Please report this error at:
62 error typeerror     <http://github.com/npm/npm/issues>
63 verbose exit [ 1, true ]
